<?xml version="1.0" encoding="UTF-8"?>
<!-- Generated by org.testng.reporters.JUnitXMLReporter -->
<testsuite ignored="0" hostname="IMCTBCP88-MSL1" failures="2" tests="14" name="Biketest" time="0.11" errors="0" timestamp="2022-07-31T09:28:30 IST">
  <testcase classname="MavenDemoGroId.MavenDemoArtId.Bike" name="honda" time="0.004"/>
  <testcase classname="MavenDemoGroId.MavenDemoArtId.Bike" name="yamaha" time="0.0"/>
  <testcase classname="MavenDemoGroId.MavenDemoArtId.Bike" name="bullet" time="0.002"/>
  <testcase classname="MavenDemoGroId.MavenDemoArtId.RacingBikes" name="FZ" time="0.001"/>
  <testcase classname="MavenDemoGroId.MavenDemoArtId.tempo" name="Rickshaw" time="0.001"/>
  <testcase classname="MavenDemoGroId.MavenDemoArtId.tempo" name="Tempotirri" time="0.002"/>
  <testcase classname="MavenDemoGroId.MavenDemoArtId.tempo" name="Tempovikram" time="0.001"/>
  <testcase classname="MavenDemoGroId.MavenDemoArtId.Car" name="brezza" time="0.001"/>
  <testcase classname="MavenDemoGroId.MavenDemoArtId.Car" name="kia" time="0.005">
    <failure type="java.lang.AssertionError" message="expected [true] but found [false]">
      <![CDATA[java.lang.AssertionError: expected [true] but found [false]
at MavenDemoGroId.MavenDemoArtId.Car.kia(Car.java:39)
at java.base/java.util.ArrayList.forEach(ArrayList.java:1511)
... Removed 31 stack frames]]>
    </failure>
  </testcase> <!-- kia -->
  <testcase classname="MavenDemoGroId.MavenDemoArtId.Car" name="swift" time="0.002"/>
  <testcase classname="Package2.Cycle" name="BSA" time="0.001"/>
  <testcase classname="Package2.Cycle" name="BSA" time="0.001"/>
  <testcase classname="Package2.Cycle" name="BSA" time="0.001"/>
  <testcase classname="Package2.Cycle" name="Hercules" time="0.003">
    <failure type="junit.framework.AssertionFailedError">
      <![CDATA[junit.framework.AssertionFailedError
at junit.framework.Assert.fail(Assert.java:47)
at junit.framework.Assert.assertTrue(Assert.java:20)
at junit.framework.Assert.assertTrue(Assert.java:27)
at Package2.Cycle.Hercules(Cycle.java:25)
at java.base/java.util.ArrayList.forEach(ArrayList.java:1511)
... Removed 27 stack frames]]>
    </failure>
  </testcase> <!-- Hercules -->
</testsuite> <!-- Biketest -->
