<?xml version="1.0" encoding="UTF-8"?>
<!-- Generated by org.testng.reporters.JUnitXMLReporter -->
<testsuite ignored="0" hostname="IMCTBCP88-MSL1" failures="1" tests="12" name="Biketest" time="0.077" errors="0" timestamp="2022-07-27T09:29:57 IST">
  <testcase classname="MavenDemoGroId.MavenDemoArtId.Bike" name="honda" time="0.003"/>
  <testcase classname="MavenDemoGroId.MavenDemoArtId.Bike" name="yamaha" time="0.001"/>
  <testcase classname="MavenDemoGroId.MavenDemoArtId.Bike" name="bullet" time="0.001"/>
  <testcase classname="MavenDemoGroId.MavenDemoArtId.RacingBikes" name="FZ" time="0.001"/>
  <testcase classname="MavenDemoGroId.MavenDemoArtId.tempo" name="Rickshaw" time="0.002"/>
  <testcase classname="MavenDemoGroId.MavenDemoArtId.tempo" name="Tempotirri" time="0.001"/>
  <testcase classname="MavenDemoGroId.MavenDemoArtId.tempo" name="Tempovikram" time="0.001"/>
  <testcase classname="MavenDemoGroId.MavenDemoArtId.Car" name="brezza" time="0.001"/>
  <testcase classname="MavenDemoGroId.MavenDemoArtId.Car" name="kia" time="0.001"/>
  <testcase classname="MavenDemoGroId.MavenDemoArtId.Car" name="swift" time="0.001"/>
  <testcase classname="Package2.Cycle" name="BSA" time="0.0">
    <failure type="org.testng.TestNGException" message="
Parameter &amp;apos;BikeTestURL&amp;apos; is required by @Test on method BSA but has not been marked @Optional or defined
in C:\Users\ahmada\eclipse-workspace\MavenDemoArtId\testng.xml">
      <![CDATA[org.testng.TestNGException: 
Parameter 'BikeTestURL' is required by @Test on method BSA but has not been marked @Optional or defined
in C:\Users\ahmada\eclipse-workspace\MavenDemoArtId\testng.xml
at java.base/java.util.ArrayList.forEach(ArrayList.java:1511)
... Removed 26 stack frames]]>
    </failure>
  </testcase> <!-- BSA -->
  <testcase classname="Package2.Cycle" name="Hercules" time="0.001"/>
</testsuite> <!-- Biketest -->
